Warning[205] E:\UNIVERSITY\REALTIME\PIC_EXAMPLES\PROJECT4\MAIN.ASM 3 : Found directive in column 1. (PROCESSOR)
Warning[205] E:\UNIVERSITY\REALTIME\PIC_EXAMPLES\PROJECT4\MAIN.ASM 4 : Found directive in column 1. (__CONFIG)
Warning[205] E:\UNIVERSITY\REALTIME\PIC_EXAMPLES\PROJECT4\MAIN.ASM 6 : Found directive in column 1. (org)
Warning[203] E:\UNIVERSITY\REALTIME\PIC_EXAMPLES\PROJECT4\MAIN.ASM 23 : Found opcode in column 1. (GOTO)
Warning[205] E:\UNIVERSITY\REALTIME\PIC_EXAMPLES\PROJECT4\MAIN.ASM 26 : Found directive in column 1. (ORG)
Warning[203] E:\UNIVERSITY\REALTIME\PIC_EXAMPLES\PROJECT4\MAIN.ASM 27 : Found opcode in column 1. (NOP)
Warning[203] E:\UNIVERSITY\REALTIME\PIC_EXAMPLES\PROJECT4\MAIN.ASM 28 : Found opcode in column 1. (MOVWF)
Warning[203] E:\UNIVERSITY\REALTIME\PIC_EXAMPLES\PROJECT4\MAIN.ASM 31 : Found opcode in column 1. (BTFSC)
Warning[203] E:\UNIVERSITY\REALTIME\PIC_EXAMPLES\PROJECT4\MAIN.ASM 32 : Found opcode in column 1. (GOTO)
Warning[203] E:\UNIVERSITY\REALTIME\PIC_EXAMPLES\PROJECT4\MAIN.ASM 34 : Found opcode in column 1. (BTFSS)
Warning[203] E:\UNIVERSITY\REALTIME\PIC_EXAMPLES\PROJECT4\MAIN.ASM 35 : Found opcode in column 1. (GOTO)
Warning[203] E:\UNIVERSITY\REALTIME\PIC_EXAMPLES\PROJECT4\MAIN.ASM 38 : Found opcode in column 1. (MOVLW)
Warning[203] E:\UNIVERSITY\REALTIME\PIC_EXAMPLES\PROJECT4\MAIN.ASM 39 : Found opcode in column 1. (ADDWF)
Warning[203] E:\UNIVERSITY\REALTIME\PIC_EXAMPLES\PROJECT4\MAIN.ASM 40 : Found opcode in column 1. (BTFSC)
Warning[203] E:\UNIVERSITY\REALTIME\PIC_EXAMPLES\PROJECT4\MAIN.ASM 41 : Found opcode in column 1. (GOTO)
Warning[203] E:\UNIVERSITY\REALTIME\PIC_EXAMPLES\PROJECT4\MAIN.ASM 42 : Found opcode in column 1. (GOTO)
Warning[203] E:\UNIVERSITY\REALTIME\PIC_EXAMPLES\PROJECT4\MAIN.ASM 44 : Found opcode in column 1. (BTFSS)
Warning[203] E:\UNIVERSITY\REALTIME\PIC_EXAMPLES\PROJECT4\MAIN.ASM 45 : Found opcode in column 1. (GOTO)
Warning[203] E:\UNIVERSITY\REALTIME\PIC_EXAMPLES\PROJECT4\MAIN.ASM 46 : Found opcode in column 1. (MOVLW)
Warning[203] E:\UNIVERSITY\REALTIME\PIC_EXAMPLES\PROJECT4\MAIN.ASM 47 : Found opcode in column 1. (MOVWF)
Warning[203] E:\UNIVERSITY\REALTIME\PIC_EXAMPLES\PROJECT4\MAIN.ASM 49 : Found opcode in column 1. (GOTO)
Warning[203] E:\UNIVERSITY\REALTIME\PIC_EXAMPLES\PROJECT4\MAIN.ASM 56 : Found opcode in column 1. (BTFSC)
Warning[203] E:\UNIVERSITY\REALTIME\PIC_EXAMPLES\PROJECT4\MAIN.ASM 57 : Found opcode in column 1. (GOTO)
Warning[203] E:\UNIVERSITY\REALTIME\PIC_EXAMPLES\PROJECT4\MAIN.ASM 58 : Found opcode in column 1. (MOVLW)
Warning[203] E:\UNIVERSITY\REALTIME\PIC_EXAMPLES\PROJECT4\MAIN.ASM 59 : Found opcode in column 1. (ADDWF)
Warning[203] E:\UNIVERSITY\REALTIME\PIC_EXAMPLES\PROJECT4\MAIN.ASM 60 : Found opcode in column 1. (BTFSC)
Warning[203] E:\UNIVERSITY\REALTIME\PIC_EXAMPLES\PROJECT4\MAIN.ASM 61 : Found opcode in column 1. (GOTO)
Warning[203] E:\UNIVERSITY\REALTIME\PIC_EXAMPLES\PROJECT4\MAIN.ASM 62 : Found opcode in column 1. (GOTO)
Warning[203] E:\UNIVERSITY\REALTIME\PIC_EXAMPLES\PROJECT4\MAIN.ASM 64 : Found opcode in column 1. (BTFSS)
Warning[203] E:\UNIVERSITY\REALTIME\PIC_EXAMPLES\PROJECT4\MAIN.ASM 65 : Found opcode in column 1. (GOTO)
Warning[203] E:\UNIVERSITY\REALTIME\PIC_EXAMPLES\PROJECT4\MAIN.ASM 66 : Found opcode in column 1. (MOVLW)
Warning[203] E:\UNIVERSITY\REALTIME\PIC_EXAMPLES\PROJECT4\MAIN.ASM 67 : Found opcode in column 1. (MOVWF)
Warning[204] E:\UNIVERSITY\REALTIME\PIC_EXAMPLES\PROJECT4\MAIN.ASM 72 : Found pseudo-op in column 1. (MOVFW)
Warning[203] E:\UNIVERSITY\REALTIME\PIC_EXAMPLES\PROJECT4\MAIN.ASM 73 : Found opcode in column 1. (BCF)
Warning[203] E:\UNIVERSITY\REALTIME\PIC_EXAMPLES\PROJECT4\MAIN.ASM 74 : Found opcode in column 1. (BCF)
Warning[203] E:\UNIVERSITY\REALTIME\PIC_EXAMPLES\PROJECT4\MAIN.ASM 76 : Found opcode in column 1. (RETFIE)
Warning[207] E:\UNIVERSITY\REALTIME\PIC_EXAMPLES\PROJECT4\MAIN.ASM 85 : Found label after column 1. (LOOP3)
Warning[207] E:\UNIVERSITY\REALTIME\PIC_EXAMPLES\PROJECT4\MAIN.ASM 88 : Found label after column 1. (LOOP2)
Warning[207] E:\UNIVERSITY\REALTIME\PIC_EXAMPLES\PROJECT4\MAIN.ASM 91 : Found label after column 1. (LOOP)
Warning[203] E:\UNIVERSITY\REALTIME\PIC_EXAMPLES\PROJECT4\MAIN.ASM 106 : Found opcode in column 1. (BSF)
Warning[203] E:\UNIVERSITY\REALTIME\PIC_EXAMPLES\PROJECT4\MAIN.ASM 107 : Found opcode in column 1. (MOVLW)
Warning[203] E:\UNIVERSITY\REALTIME\PIC_EXAMPLES\PROJECT4\MAIN.ASM 108 : Found opcode in column 1. (MOVWF)
Message[302] E:\UNIVERSITY\REALTIME\PIC_EXAMPLES\PROJECT4\MAIN.ASM 108 : Register in operand not in bank 0.  Ensure that bank bits are correct.
Warning[203] E:\UNIVERSITY\REALTIME\PIC_EXAMPLES\PROJECT4\MAIN.ASM 109 : Found opcode in column 1. (MOVLW)
Warning[203] E:\UNIVERSITY\REALTIME\PIC_EXAMPLES\PROJECT4\MAIN.ASM 110 : Found opcode in column 1. (MOVWF)
Message[302] E:\UNIVERSITY\REALTIME\PIC_EXAMPLES\PROJECT4\MAIN.ASM 110 : Register in operand not in bank 0.  Ensure that bank bits are correct.
Warning[203] E:\UNIVERSITY\REALTIME\PIC_EXAMPLES\PROJECT4\MAIN.ASM 111 : Found opcode in column 1. (BCF)
Warning[203] E:\UNIVERSITY\REALTIME\PIC_EXAMPLES\PROJECT4\MAIN.ASM 113 : Found opcode in column 1. (MOVLW)
Warning[203] E:\UNIVERSITY\REALTIME\PIC_EXAMPLES\PROJECT4\MAIN.ASM 114 : Found opcode in column 1. (MOVWF)
Warning[203] E:\UNIVERSITY\REALTIME\PIC_EXAMPLES\PROJECT4\MAIN.ASM 118 : Found opcode in column 1. (BSF)
Warning[203] E:\UNIVERSITY\REALTIME\PIC_EXAMPLES\PROJECT4\MAIN.ASM 119 : Found opcode in column 1. (BSF)
Warning[203] E:\UNIVERSITY\REALTIME\PIC_EXAMPLES\PROJECT4\MAIN.ASM 120 : Found opcode in column 1. (BSF)
Warning[203] E:\UNIVERSITY\REALTIME\PIC_EXAMPLES\PROJECT4\MAIN.ASM 121 : Found opcode in column 1. (BCF)
Warning[203] E:\UNIVERSITY\REALTIME\PIC_EXAMPLES\PROJECT4\MAIN.ASM 122 : Found opcode in column 1. (BCF)
Warning[203] E:\UNIVERSITY\REALTIME\PIC_EXAMPLES\PROJECT4\MAIN.ASM 123 : Found opcode in column 1. (BSF)
Warning[203] E:\UNIVERSITY\REALTIME\PIC_EXAMPLES\PROJECT4\MAIN.ASM 126 : Found opcode in column 1. (MOVLW)
Warning[203] E:\UNIVERSITY\REALTIME\PIC_EXAMPLES\PROJECT4\MAIN.ASM 127 : Found opcode in column 1. (MOVWF)
Warning[203] E:\UNIVERSITY\REALTIME\PIC_EXAMPLES\PROJECT4\MAIN.ASM 130 : Found opcode in column 1. (MOVLW)
Warning[203] E:\UNIVERSITY\REALTIME\PIC_EXAMPLES\PROJECT4\MAIN.ASM 131 : Found opcode in column 1. (MOVWF)
Warning[203] E:\UNIVERSITY\REALTIME\PIC_EXAMPLES\PROJECT4\MAIN.ASM 132 : Found opcode in column 1. (MOVLW)
Warning[203] E:\UNIVERSITY\REALTIME\PIC_EXAMPLES\PROJECT4\MAIN.ASM 133 : Found opcode in column 1. (MOVWF)
Warning[203] E:\UNIVERSITY\REALTIME\PIC_EXAMPLES\PROJECT4\MAIN.ASM 134 : Found opcode in column 1. (MOVLW)
Warning[203] E:\UNIVERSITY\REALTIME\PIC_EXAMPLES\PROJECT4\MAIN.ASM 135 : Found opcode in column 1. (MOVWF)
Warning[203] E:\UNIVERSITY\REALTIME\PIC_EXAMPLES\PROJECT4\MAIN.ASM 136 : Found opcode in column 1. (MOVLW)
Warning[203] E:\UNIVERSITY\REALTIME\PIC_EXAMPLES\PROJECT4\MAIN.ASM 137 : Found opcode in column 1. (MOVWF)
Warning[203] E:\UNIVERSITY\REALTIME\PIC_EXAMPLES\PROJECT4\MAIN.ASM 139 : Found opcode in column 1. (NOP)
Warning[203] E:\UNIVERSITY\REALTIME\PIC_EXAMPLES\PROJECT4\MAIN.ASM 142 : Found opcode in column 1. (CALL)
Warning[203] E:\UNIVERSITY\REALTIME\PIC_EXAMPLES\PROJECT4\MAIN.ASM 143 : Found opcode in column 1. (CALL)
Warning[203] E:\UNIVERSITY\REALTIME\PIC_EXAMPLES\PROJECT4\MAIN.ASM 147 : Found opcode in column 1. (MOVF)
Warning[203] E:\UNIVERSITY\REALTIME\PIC_EXAMPLES\PROJECT4\MAIN.ASM 148 : Found opcode in column 1. (ADDWF)
Warning[203] E:\UNIVERSITY\REALTIME\PIC_EXAMPLES\PROJECT4\MAIN.ASM 149 : Found opcode in column 1. (MOVWF)
Warning[203] E:\UNIVERSITY\REALTIME\PIC_EXAMPLES\PROJECT4\MAIN.ASM 150 : Found opcode in column 1. (BTFSC)
Warning[203] E:\UNIVERSITY\REALTIME\PIC_EXAMPLES\PROJECT4\MAIN.ASM 151 : Found opcode in column 1. (GOTO)
Warning[203] E:\UNIVERSITY\REALTIME\PIC_EXAMPLES\PROJECT4\MAIN.ASM 152 : Found opcode in column 1. (GOTO)
Warning[203] E:\UNIVERSITY\REALTIME\PIC_EXAMPLES\PROJECT4\MAIN.ASM 154 : Found opcode in column 1. (MOVLW)
Warning[203] E:\UNIVERSITY\REALTIME\PIC_EXAMPLES\PROJECT4\MAIN.ASM 155 : Found opcode in column 1. (SUBWF)
Warning[203] E:\UNIVERSITY\REALTIME\PIC_EXAMPLES\PROJECT4\MAIN.ASM 157 : Found opcode in column 1. (CALL)
Warning[203] E:\UNIVERSITY\REALTIME\PIC_EXAMPLES\PROJECT4\MAIN.ASM 159 : Found opcode in column 1. (CALL)
Warning[203] E:\UNIVERSITY\REALTIME\PIC_EXAMPLES\PROJECT4\MAIN.ASM 160 : Found opcode in column 1. (GOTO)
Warning[205] E:\UNIVERSITY\REALTIME\PIC_EXAMPLES\PROJECT4\MAIN.ASM 162 : Found directive in column 1. (END)
